build/app/outputs/mapping/release/usage.txt
com.example.radarsoft_task.R$id
com.example.radarsoft_task.R$drawable
com.example.radarsoft_task.R$layout
com.example.radarsoft_task.R$string
com.example.radarsoft_task.BuildConfig
com.example.radarsoft_task.R$style
com.example.radarsoft_task.R
com.example.radarsoft_task.R$integer
com.example.radarsoft_task.R$styleable
com.example.radarsoft_task.R$mipmap
com.example.radarsoft_task.R$attr
com.example.radarsoft_task.R$color
com.example.radarsoft_task.R$dimen
...
kotlin.ULongArrayKt
kotlin.coroutines.CoroutineContext$Element$DefaultImpls
androidx.loader.R$layout
androidx.core.view.ViewPropertyAnimatorCompat$1
kotlin.UShort$Companion
io.flutter.embedding.engine.loader.ResourceExtractor$1
kotlin.jvm.internal.ArrayByteIterator
kotlin.collections.ArraysKt___ArraysKt$asIterable$$inlined$Iterable$9
kotlin.reflect.KProperty1
kotlin.sequences.SequencesKt___SequencesKt$elementAt$1
androidx.fragment.app.FragmentTransition$FragmentContainerTransition
kotlin.collections.MapsKt___MapsKt
kotlin.jvm.internal.PropertyReference2Impl
androidx.customview.widget.ExploreByTouchHelper$MyNodeProvider
kotlin.text.CharsetsKt
androidx.core.app.ShareCompat$IntentBuilder
androidx.fragment.app.FragmentManagerNonConfig
androidx.viewpager.widget.ViewPager$OnPageChangeListener
kotlin.coroutines.experimental.CoroutineContext$DefaultImpls
io.flutter.embedding.engine.plugins.broadcastreceiver.BroadcastReceiverPluginBinding
kotlin.sequences.IndexingSequence$iterator$1
androidx.core.app.SharedElementCallback$OnSharedElementsReadyListener
androidx.core.view.MenuCompat
kotlin.reflect.KParameter
androidx.core.view.MenuItemCompat
kotlin.ULong$Companion
kotlin.ranges.IntRange
io.flutter.plugin.common.ActivityLifecycleListener
kotlin.collections.IndexingIterator
androidx.loader.content.Loader$OnLoadCompleteListener
androidx.core.view.GestureDetectorCompat$GestureDetectorCompatImplBase
io.flutter.view.FlutterView$SurfaceTextureRegistryEntry
androidx.lifecycle.Transformations
kotlin.coroutines.experimental.RestrictsSuspension
kotlin.collections.SlidingWindowKt$windowedSequence$$inlined$Sequence$1
androidx.customview.R$integer
org.intellij.lang.annotations.JdkConstants$BoxLayoutAxis
androidx.core.widget.AutoSizeableTextView
androidx.fragment.app.FragmentTransitionCompat21$2
androidx.core.app.TaskStackBuilder
androidx.versionedparcelable.VersionedParcelStream
androidx.core.view.inputmethod.EditorInfoCompat
kotlin.text.Regex$fromInt$$inlined$apply$lambda$1
kotlin.jvm.internal.PropertyReference0Impl
androidx.lifecycle.LiveData$LifecycleBoundObserver:
    void <init>(androidx.lifecycle.LiveData,androidx.lifecycle.LifecycleOwner,androidx.lifecycle.Observer)
    boolean isAttachedTo(androidx.lifecycle.LifecycleOwner)
    void detachObserver()
kotlin.random.KotlinRandom
kotlin.collections.SlidingWindowKt
kotlin.Result$Failure
kotlin.jvm.internal.CallableReference$NoReceiver
androidx.viewpager.widget.ViewPager$4
kotlin.collections.AbstractSet
kotlin.time.Clock
kotlin.comparisons.ComparisonsKt__ComparisonsKt$thenBy$2
androidx.loader.R$dimen
androidx.core.provider.SelfDestructiveThread$3
kotlin.ranges.ClosedFloatingPointRange
androidx.lifecycle.Transformations$2$1
androidx.viewpager.widget.PagerTitleStrip$PageListener
androidx.core.view.KeyEventDispatcher$Component
kotlin.comparisons.ComparisonsKt__ComparisonsKt$then$1
io.flutter.view.AccessibilityBridge:
    public int getHoveredObjectId()
    public void reset()
    private static final java.lang.String TAG
    private static final int ACTION_SHOW_ON_SCREEN
    private static final float SCROLL_EXTENT_FOR_INFINITY
    private static final float SCROLL_POSITION_CAP_FOR_INFINITY
    private static final int ROOT_NODE_ID
    private static final int MIN_ENGINE_GENERATED_NODE_ID
kotlin.NumbersKt
io.flutter.plugin.common.EventChannel$StreamHandler
kotlin.jvm.internal.Ref$DoubleRef
org.intellij.lang.annotations.JdkConstants$InputEventMask
kotlin.annotation.AnnotationTarget
androidx.fragment.app.FragmentTransitionImpl$3
androidx.core.provider.FontsContractCompat$FontInfo
org.intellij.lang.annotations.JdkConstants$HorizontalAlignment
androidx.core.widget.NestedScrollView$SavedState
kotlin.ResultKt
androidx.annotation.RequiresFeature
androidx.core.os.ParcelCompat
androidx.core.view.ViewPropertyAnimatorUpdateListener
androidx.annotation.Px
kotlin.jvm.internal.MutablePropertyReference2